{"C:\\Users\\seany\\OneDrive\\Desktop\\Programming projects\\CakeDeFi Exercise\\functions.js": {"path":"C:\\Users\\seany\\OneDrive\\Desktop\\Programming projects\\CakeDeFi Exercise\\functions.js","statementMap":{"0":{"start":{"line":1,"column":14},"end":{"line":1,"column":30}},"1":{"start":{"line":2,"column":18},"end":{"line":2,"column":41}},"2":{"start":{"line":3,"column":0},"end":{"line":3,"column":26}},"3":{"start":{"line":6,"column":13},"end":{"line":6,"column":22}},"4":{"start":{"line":7,"column":2},"end":{"line":23,"column":3}},"5":{"start":{"line":8,"column":4},"end":{"line":18,"column":5}},"6":{"start":{"line":9,"column":23},"end":{"line":13,"column":6}},"7":{"start":{"line":15,"column":17},"end":{"line":15,"column":30}},"8":{"start":{"line":16,"column":18},"end":{"line":16,"column":72}},"9":{"start":{"line":17,"column":4},"end":{"line":17,"column":26}},"10":{"start":{"line":19,"column":4},"end":{"line":19,"column":16}},"11":{"start":{"line":22,"column":4},"end":{"line":22,"column":16}},"12":{"start":{"line":27,"column":2},"end":{"line":27,"column":79}},"13":{"start":{"line":29,"column":2},"end":{"line":29,"column":33}},"14":{"start":{"line":30,"column":2},"end":{"line":30,"column":46}},"15":{"start":{"line":31,"column":2},"end":{"line":31,"column":46}},"16":{"start":{"line":32,"column":2},"end":{"line":32,"column":68}},"17":{"start":{"line":33,"column":2},"end":{"line":33,"column":15}},"18":{"start":{"line":37,"column":0},"end":{"line":37,"column":46}}},"fnMap":{"0":{"name":"getLivePrice","decl":{"start":{"line":5,"column":15},"end":{"line":5,"column":27}},"loc":{"start":{"line":5,"column":40},"end":{"line":24,"column":1}},"line":5},"1":{"name":"getTokenSale","decl":{"start":{"line":26,"column":9},"end":{"line":26,"column":21}},"loc":{"start":{"line":26,"column":68},"end":{"line":34,"column":1}},"line":26}},"branchMap":{},"s":{"0":1,"1":1,"2":1,"3":2,"4":2,"5":2,"6":2,"7":2,"8":2,"9":0,"10":0,"11":2,"12":3,"13":3,"14":3,"15":3,"16":3,"17":3,"18":1},"f":{"0":2,"1":3},"b":{},"_coverageSchema":"1a1c01bbd47fc00a2c39e90264f33305004495a9","hash":"5cef83d5559ee12d9e33eeacf28d72137b527f48"}
}
